slurmstepd: error: common_file_write_content: unable to open '/sys/fs/cgroup/memory/slurm/uid_97290/memory.use_hierarchy' for writing: No such file or directory
slurmstepd: error: unable to set hierarchical accounting for /slurm/uid_97290
slurmstepd: error: Could not find task_cpuacct_cg, this should never happen
slurmstepd: error: Cannot get cgroup accounting data for 0
slurmstepd: error: Could not find task_cpuacct_cg, this should never happen
slurmstepd: error: Cannot get cgroup accounting data for 0
/home/joberant/NLP_2425a/sharonsaban/anaconda3/envs/sharon_env/lib/python3.10/site-packages/transformers/utils/hub.py:105: FutureWarning: Using `TRANSFORMERS_CACHE` is deprecated and will be removed in v5 of Transformers. Use `HF_HOME` instead.
  warnings.warn(
slurmstepd: error: Could not find task_cpuacct_cg, this should never happen
slurmstepd: error: Cannot get cgroup accounting data for 0
/home/joberant/NLP_2425a/sharonsaban/anaconda3/envs/sharon_env/lib/python3.10/site-packages/transformers/models/auto/tokenization_auto.py:898: FutureWarning: The `use_auth_token` argument is deprecated and will be removed in v5 of Transformers. Please use `token` instead.
  warnings.warn(
/home/joberant/NLP_2425a/sharonsaban/anaconda3/envs/sharon_env/lib/python3.10/site-packages/transformers/models/auto/auto_factory.py:476: FutureWarning: The `use_auth_token` argument is deprecated and will be removed in v5 of Transformers. Please use `token` instead.
  warnings.warn(
slurmstepd: error: Could not find task_cpuacct_cg, this should never happen
slurmstepd: error: Cannot get cgroup accounting data for 0
slurmstepd: error: Could not find task_cpuacct_cg, this should never happen
slurmstepd: error: Cannot get cgroup accounting data for 0
Fetching 3 files:   0%|          | 0/3 [00:00<?, ?it/s]slurmstepd: error: Could not find task_cpuacct_cg, this should never happen
slurmstepd: error: Cannot get cgroup accounting data for 0
slurmstepd: error: Could not find task_cpuacct_cg, this should never happen
slurmstepd: error: Cannot get cgroup accounting data for 0
slurmstepd: error: Could not find task_cpuacct_cg, this should never happen
slurmstepd: error: Cannot get cgroup accounting data for 0
slurmstepd: error: Could not find task_cpuacct_cg, this should never happen
slurmstepd: error: Cannot get cgroup accounting data for 0
slurmstepd: error: Could not find task_cpuacct_cg, this should never happen
slurmstepd: error: Cannot get cgroup accounting data for 0
slurmstepd: error: Could not find task_cpuacct_cg, this should never happen
slurmstepd: error: Cannot get cgroup accounting data for 0
slurmstepd: error: Could not find task_cpuacct_cg, this should never happen
slurmstepd: error: Cannot get cgroup accounting data for 0
slurmstepd: error: Could not find task_cpuacct_cg, this should never happen
slurmstepd: error: Cannot get cgroup accounting data for 0
slurmstepd: error: Could not find task_cpuacct_cg, this should never happen
slurmstepd: error: Cannot get cgroup accounting data for 0
slurmstepd: error: Could not find task_cpuacct_cg, this should never happen
slurmstepd: error: Cannot get cgroup accounting data for 0
slurmstepd: error: Could not find task_cpuacct_cg, this should never happen
slurmstepd: error: Cannot get cgroup accounting data for 0
slurmstepd: error: Could not find task_cpuacct_cg, this should never happen
slurmstepd: error: Cannot get cgroup accounting data for 0
slurmstepd: error: Could not find task_cpuacct_cg, this should never happen
slurmstepd: error: Cannot get cgroup accounting data for 0
slurmstepd: error: Could not find task_cpuacct_cg, this should never happen
slurmstepd: error: Cannot get cgroup accounting data for 0
slurmstepd: error: Could not find task_cpuacct_cg, this should never happen
slurmstepd: error: Cannot get cgroup accounting data for 0
slurmstepd: error: Could not find task_cpuacct_cg, this should never happen
slurmstepd: error: Cannot get cgroup accounting data for 0
slurmstepd: error: Could not find task_cpuacct_cg, this should never happen
slurmstepd: error: Cannot get cgroup accounting data for 0
slurmstepd: error: Could not find task_cpuacct_cg, this should never happen
slurmstepd: error: Cannot get cgroup accounting data for 0
Fetching 3 files:  33%|███▎      | 1/3 [09:22<18:44, 562.41s/it]Fetching 3 files: 100%|██████████| 3/3 [09:22<00:00, 187.47s/it]
slurmstepd: error: Could not find task_cpuacct_cg, this should never happen
slurmstepd: error: Cannot get cgroup accounting data for 0
Loading checkpoint shards:   0%|          | 0/3 [00:00<?, ?it/s]slurmstepd: error: Could not find task_cpuacct_cg, this should never happen
slurmstepd: error: Cannot get cgroup accounting data for 0
slurmstepd: error: Could not find task_cpuacct_cg, this should never happen
slurmstepd: error: Cannot get cgroup accounting data for 0
slurmstepd: error: Could not find task_cpuacct_cg, this should never happen
slurmstepd: error: Cannot get cgroup accounting data for 0
slurmstepd: error: Could not find task_cpuacct_cg, this should never happen
slurmstepd: error: Cannot get cgroup accounting data for 0
slurmstepd: error: Could not find task_cpuacct_cg, this should never happen
slurmstepd: error: Cannot get cgroup accounting data for 0
slurmstepd: error: Could not find task_cpuacct_cg, this should never happen
slurmstepd: error: Cannot get cgroup accounting data for 0
slurmstepd: error: Could not find task_cpuacct_cg, this should never happen
slurmstepd: error: Cannot get cgroup accounting data for 0
Loading checkpoint shards:  33%|███▎      | 1/3 [03:34<07:09, 214.83s/it]slurmstepd: error: Could not find task_cpuacct_cg, this should never happen
slurmstepd: error: Cannot get cgroup accounting data for 0
slurmstepd: error: Could not find task_cpuacct_cg, this should never happen
slurmstepd: error: Cannot get cgroup accounting data for 0
Loading checkpoint shards:  67%|██████▋   | 2/3 [04:36<02:04, 124.76s/it]Loading checkpoint shards: 100%|██████████| 3/3 [04:44<00:00, 71.59s/it] Loading checkpoint shards: 100%|██████████| 3/3 [04:44<00:00, 94.96s/it]
Asking to truncate to max_length but no maximum length is provided and the model has no predefined maximum length. Default to no truncation.
/home/joberant/NLP_2425a/sharonsaban/anaconda3/envs/sharon_env/lib/python3.10/site-packages/transformers/generation/configuration_utils.py:636: UserWarning: `do_sample` is set to `False`. However, `top_p` is set to `0` -- this flag is only used in sample-based generation modes. You should set `do_sample=True` or unset `top_p`.
  warnings.warn(
/home/joberant/NLP_2425a/sharonsaban/anaconda3/envs/sharon_env/lib/python3.10/site-packages/transformers/generation/configuration_utils.py:653: UserWarning: `do_sample` is set to `False`. However, `top_k` is set to `0` -- this flag is only used in sample-based generation modes. You should set `do_sample=True` or unset `top_k`.
  warnings.warn(
slurmstepd: error: Could not find task_cpuacct_cg, this should never happen
slurmstepd: error: Cannot get cgroup accounting data for 0
slurmstepd: error: Could not find task_cpuacct_cg, this should never happen
slurmstepd: error: Cannot get cgroup accounting data for 0
slurmstepd: error: Could not find task_cpuacct_cg, this should never happen
slurmstepd: error: Cannot get cgroup accounting data for 0
slurmstepd: error: Could not find task_cpuacct_cg, this should never happen
slurmstepd: error: Cannot get cgroup accounting data for 0
slurmstepd: error: Could not find task_cpuacct_cg, this should never happen
slurmstepd: error: Cannot get cgroup accounting data for 0
slurmstepd: error: Could not find task_cpuacct_cg, this should never happen
slurmstepd: error: Cannot get cgroup accounting data for 0
slurmstepd: error: Could not find task_cpuacct_cg, this should never happen
slurmstepd: error: Cannot get cgroup accounting data for 0
slurmstepd: error: Could not find task_cpuacct_cg, this should never happen
slurmstepd: error: Cannot get cgroup accounting data for 0
slurmstepd: error: Could not find task_cpuacct_cg, this should never happen
slurmstepd: error: Cannot get cgroup accounting data for 0
slurmstepd: error: Could not find task_cpuacct_cg, this should never happen
slurmstepd: error: Cannot get cgroup accounting data for 0
slurmstepd: error: Could not find task_cpuacct_cg, this should never happen
slurmstepd: error: Cannot get cgroup accounting data for 0
slurmstepd: error: Could not find task_cpuacct_cg, this should never happen
slurmstepd: error: Cannot get cgroup accounting data for 0
slurmstepd: error: Could not find task_cpuacct_cg, this should never happen
slurmstepd: error: Cannot get cgroup accounting data for 0
slurmstepd: error: Could not find task_cpuacct_cg, this should never happen
slurmstepd: error: Cannot get cgroup accounting data for 0
slurmstepd: error: Could not find task_cpuacct_cg, this should never happen
slurmstepd: error: Cannot get cgroup accounting data for 0
slurmstepd: error: Could not find task_cpuacct_cg, this should never happen
slurmstepd: error: Cannot get cgroup accounting data for 0
slurmstepd: error: Could not find task_cpuacct_cg, this should never happen
slurmstepd: error: Cannot get cgroup accounting data for 0
slurmstepd: error: Could not find task_cpuacct_cg, this should never happen
slurmstepd: error: Cannot get cgroup accounting data for 0
slurmstepd: error: Could not find task_cpuacct_cg, this should never happen
slurmstepd: error: Cannot get cgroup accounting data for 0
slurmstepd: error: Could not find task_cpuacct_cg, this should never happen
slurmstepd: error: Cannot get cgroup accounting data for 0
slurmstepd: error: Could not find task_cpuacct_cg, this should never happen
slurmstepd: error: Cannot get cgroup accounting data for 0
slurmstepd: error: Could not find task_cpuacct_cg, this should never happen
slurmstepd: error: Cannot get cgroup accounting data for 0
slurmstepd: error: Could not find task_cpuacct_cg, this should never happen
slurmstepd: error: Cannot get cgroup accounting data for 0
slurmstepd: error: Could not find task_cpuacct_cg, this should never happen
slurmstepd: error: Cannot get cgroup accounting data for 0
slurmstepd: error: Could not find task_cpuacct_cg, this should never happen
slurmstepd: error: Cannot get cgroup accounting data for 0
slurmstepd: error: Could not find task_cpuacct_cg, this should never happen
slurmstepd: error: Cannot get cgroup accounting data for 0
slurmstepd: error: Could not find task_cpuacct_cg, this should never happen
slurmstepd: error: Cannot get cgroup accounting data for 0
slurmstepd: error: Could not find task_cpuacct_cg, this should never happen
slurmstepd: error: Cannot get cgroup accounting data for 0
slurmstepd: error: Could not find task_cpuacct_cg, this should never happen
slurmstepd: error: Cannot get cgroup accounting data for 0
slurmstepd: error: Could not find task_cpuacct_cg, this should never happen
slurmstepd: error: Cannot get cgroup accounting data for 0
slurmstepd: error: Could not find task_cpuacct_cg, this should never happen
slurmstepd: error: Cannot get cgroup accounting data for 0
slurmstepd: error: Could not find task_cpuacct_cg, this should never happen
slurmstepd: error: Cannot get cgroup accounting data for 0
slurmstepd: error: Could not find task_cpuacct_cg, this should never happen
slurmstepd: error: Cannot get cgroup accounting data for 0
slurmstepd: error: Could not find task_cpuacct_cg, this should never happen
slurmstepd: error: Cannot get cgroup accounting data for 0
slurmstepd: error: Could not find task_cpuacct_cg, this should never happen
slurmstepd: error: Cannot get cgroup accounting data for 0
slurmstepd: error: Could not find task_cpuacct_cg, this should never happen
slurmstepd: error: Cannot get cgroup accounting data for 0
slurmstepd: error: Could not find task_cpuacct_cg, this should never happen
slurmstepd: error: Cannot get cgroup accounting data for 0
slurmstepd: error: Could not find task_cpuacct_cg, this should never happen
slurmstepd: error: Cannot get cgroup accounting data for 0
slurmstepd: error: Could not find task_cpuacct_cg, this should never happen
slurmstepd: error: Cannot get cgroup accounting data for 0
slurmstepd: error: Could not find task_cpuacct_cg, this should never happen
slurmstepd: error: Cannot get cgroup accounting data for 0
slurmstepd: error: Could not find task_cpuacct_cg, this should never happen
slurmstepd: error: Cannot get cgroup accounting data for 0
slurmstepd: error: Could not find task_cpuacct_cg, this should never happen
slurmstepd: error: Cannot get cgroup accounting data for 0
slurmstepd: error: Could not find task_cpuacct_cg, this should never happen
slurmstepd: error: Cannot get cgroup accounting data for 0
slurmstepd: error: Could not find task_cpuacct_cg, this should never happen
slurmstepd: error: Cannot get cgroup accounting data for 0
slurmstepd: error: Could not find task_cpuacct_cg, this should never happen
slurmstepd: error: Cannot get cgroup accounting data for 0
slurmstepd: error: Could not find task_cpuacct_cg, this should never happen
slurmstepd: error: Cannot get cgroup accounting data for 0
slurmstepd: error: Could not find task_cpuacct_cg, this should never happen
slurmstepd: error: Cannot get cgroup accounting data for 0
slurmstepd: error: Could not find task_cpuacct_cg, this should never happen
slurmstepd: error: Cannot get cgroup accounting data for 0
slurmstepd: error: Could not find task_cpuacct_cg, this should never happen
slurmstepd: error: Cannot get cgroup accounting data for 0
slurmstepd: error: Could not find task_cpuacct_cg, this should never happen
slurmstepd: error: Cannot get cgroup accounting data for 0
slurmstepd: error: Could not find task_cpuacct_cg, this should never happen
slurmstepd: error: Cannot get cgroup accounting data for 0
slurmstepd: error: Could not find task_cpuacct_cg, this should never happen
slurmstepd: error: Cannot get cgroup accounting data for 0
slurmstepd: error: Could not find task_cpuacct_cg, this should never happen
slurmstepd: error: Cannot get cgroup accounting data for 0
slurmstepd: error: Could not find task_cpuacct_cg, this should never happen
slurmstepd: error: Cannot get cgroup accounting data for 0
slurmstepd: error: Could not find task_cpuacct_cg, this should never happen
slurmstepd: error: Cannot get cgroup accounting data for 0
slurmstepd: error: Could not find task_cpuacct_cg, this should never happen
slurmstepd: error: Cannot get cgroup accounting data for 0
slurmstepd: error: Could not find task_cpuacct_cg, this should never happen
slurmstepd: error: Cannot get cgroup accounting data for 0
slurmstepd: error: Could not find task_cpuacct_cg, this should never happen
slurmstepd: error: Cannot get cgroup accounting data for 0
slurmstepd: error: Could not find task_cpuacct_cg, this should never happen
slurmstepd: error: Cannot get cgroup accounting data for 0
slurmstepd: error: Could not find task_cpuacct_cg, this should never happen
slurmstepd: error: Cannot get cgroup accounting data for 0
slurmstepd: error: Could not find task_cpuacct_cg, this should never happen
slurmstepd: error: Cannot get cgroup accounting data for 0
slurmstepd: error: Could not find task_cpuacct_cg, this should never happen
slurmstepd: error: Cannot get cgroup accounting data for 0
slurmstepd: error: Could not find task_cpuacct_cg, this should never happen
slurmstepd: error: Cannot get cgroup accounting data for 0
slurmstepd: error: Could not find task_cpuacct_cg, this should never happen
slurmstepd: error: Cannot get cgroup accounting data for 0
slurmstepd: error: Could not find task_cpuacct_cg, this should never happen
slurmstepd: error: Cannot get cgroup accounting data for 0
slurmstepd: error: Could not find task_cpuacct_cg, this should never happen
slurmstepd: error: Cannot get cgroup accounting data for 0
slurmstepd: error: Could not find task_cpuacct_cg, this should never happen
slurmstepd: error: Cannot get cgroup accounting data for 0
slurmstepd: error: Could not find task_cpuacct_cg, this should never happen
slurmstepd: error: Cannot get cgroup accounting data for 0
slurmstepd: error: Could not find task_cpuacct_cg, this should never happen
slurmstepd: error: Cannot get cgroup accounting data for 0
slurmstepd: error: Could not find task_cpuacct_cg, this should never happen
slurmstepd: error: Cannot get cgroup accounting data for 0
slurmstepd: error: Could not find task_cpuacct_cg, this should never happen
slurmstepd: error: Cannot get cgroup accounting data for 0
slurmstepd: error: Could not find task_cpuacct_cg, this should never happen
slurmstepd: error: Cannot get cgroup accounting data for 0
slurmstepd: error: Could not find task_cpuacct_cg, this should never happen
slurmstepd: error: Cannot get cgroup accounting data for 0
slurmstepd: error: Could not find task_cpuacct_cg, this should never happen
slurmstepd: error: Cannot get cgroup accounting data for 0
slurmstepd: error: Could not find task_cpuacct_cg, this should never happen
slurmstepd: error: Cannot get cgroup accounting data for 0
slurmstepd: error: Could not find task_cpuacct_cg, this should never happen
slurmstepd: error: Cannot get cgroup accounting data for 0
slurmstepd: error: Could not find task_cpuacct_cg, this should never happen
slurmstepd: error: Cannot get cgroup accounting data for 0
slurmstepd: error: Could not find task_cpuacct_cg, this should never happen
slurmstepd: error: Cannot get cgroup accounting data for 0
slurmstepd: error: Could not find task_cpuacct_cg, this should never happen
slurmstepd: error: Cannot get cgroup accounting data for 0
slurmstepd: error: Could not find task_cpuacct_cg, this should never happen
slurmstepd: error: Cannot get cgroup accounting data for 0
slurmstepd: error: Could not find task_cpuacct_cg, this should never happen
slurmstepd: error: Cannot get cgroup accounting data for 0
slurmstepd: error: Could not find task_cpuacct_cg, this should never happen
slurmstepd: error: Cannot get cgroup accounting data for 0
slurmstepd: error: Could not find task_cpuacct_cg, this should never happen
slurmstepd: error: Cannot get cgroup accounting data for 0
slurmstepd: error: Could not find task_cpuacct_cg, this should never happen
slurmstepd: error: Cannot get cgroup accounting data for 0
slurmstepd: error: Could not find task_cpuacct_cg, this should never happen
slurmstepd: error: Cannot get cgroup accounting data for 0
slurmstepd: error: Could not find task_cpuacct_cg, this should never happen
slurmstepd: error: Cannot get cgroup accounting data for 0
slurmstepd: error: Could not find task_cpuacct_cg, this should never happen
slurmstepd: error: Cannot get cgroup accounting data for 0
slurmstepd: error: Could not find task_cpuacct_cg, this should never happen
slurmstepd: error: Cannot get cgroup accounting data for 0
slurmstepd: error: Could not find task_cpuacct_cg, this should never happen
slurmstepd: error: Cannot get cgroup accounting data for 0
slurmstepd: error: Could not find task_cpuacct_cg, this should never happen
slurmstepd: error: Cannot get cgroup accounting data for 0
slurmstepd: error: Could not find task_cpuacct_cg, this should never happen
slurmstepd: error: Cannot get cgroup accounting data for 0
slurmstepd: error: Could not find task_cpuacct_cg, this should never happen
slurmstepd: error: Cannot get cgroup accounting data for 0
