/home/joberant/NLP_2425a/sharonsaban/anaconda3/envs/sharon_env/lib/python3.10/site-packages/transformers/utils/hub.py:105: FutureWarning: Using `TRANSFORMERS_CACHE` is deprecated and will be removed in v5 of Transformers. Use `HF_HOME` instead.
  warnings.warn(
/home/joberant/NLP_2425a/sharonsaban/anaconda3/envs/sharon_env/lib/python3.10/site-packages/transformers/models/auto/tokenization_auto.py:898: FutureWarning: The `use_auth_token` argument is deprecated and will be removed in v5 of Transformers. Please use `token` instead.
  warnings.warn(
/home/joberant/NLP_2425a/sharonsaban/anaconda3/envs/sharon_env/lib/python3.10/site-packages/transformers/models/auto/auto_factory.py:476: FutureWarning: The `use_auth_token` argument is deprecated and will be removed in v5 of Transformers. Please use `token` instead.
  warnings.warn(
Fetching 4 files:   0%|          | 0/4 [00:00<?, ?it/s]Fetching 4 files:  25%|██▌       | 1/4 [05:29<16:27, 329.22s/it]Fetching 4 files: 100%|██████████| 4/4 [05:29<00:00, 82.31s/it] 
Loading checkpoint shards:   0%|          | 0/4 [00:00<?, ?it/s]Loading checkpoint shards:  25%|██▌       | 1/4 [01:14<03:42, 74.20s/it]Loading checkpoint shards:  50%|█████     | 2/4 [02:13<02:11, 65.68s/it]Loading checkpoint shards:  75%|███████▌  | 3/4 [03:14<01:03, 63.36s/it]Loading checkpoint shards: 100%|██████████| 4/4 [03:26<00:00, 43.26s/it]Loading checkpoint shards: 100%|██████████| 4/4 [03:26<00:00, 51.74s/it]
Traceback (most recent call last):
  File "/vol/joberant_nobck/data/NLP_368307701_2425a/sharonsaban/NLP_FINAL_PROJECT/run_exp_dup_chunks.py", line 276, in <module>
    main()
  File "/vol/joberant_nobck/data/NLP_368307701_2425a/sharonsaban/NLP_FINAL_PROJECT/run_exp_dup_chunks.py", line 141, in main
    tokenizer, model, device = load_model(model_name, duplication_instructions)
  File "/vol/joberant_nobck/data/NLP_368307701_2425a/sharonsaban/NLP_FINAL_PROJECT/run_exp_dup_chunks.py", line 122, in load_model
    model = dispatch_model(model, device_map=device_map)
  File "/home/joberant/NLP_2425a/sharonsaban/anaconda3/envs/sharon_env/lib/python3.10/site-packages/accelerate/big_modeling.py", line 499, in dispatch_model
    model.to(device)
  File "/home/joberant/NLP_2425a/sharonsaban/anaconda3/envs/sharon_env/lib/python3.10/site-packages/transformers/modeling_utils.py", line 3698, in to
    return super().to(*args, **kwargs)
  File "/home/joberant/NLP_2425a/sharonsaban/anaconda3/envs/sharon_env/lib/python3.10/site-packages/torch/nn/modules/module.py", line 1343, in to
    return self._apply(convert)
  File "/home/joberant/NLP_2425a/sharonsaban/anaconda3/envs/sharon_env/lib/python3.10/site-packages/torch/nn/modules/module.py", line 903, in _apply
    module._apply(fn)
  File "/home/joberant/NLP_2425a/sharonsaban/anaconda3/envs/sharon_env/lib/python3.10/site-packages/torch/nn/modules/module.py", line 903, in _apply
    module._apply(fn)
  File "/home/joberant/NLP_2425a/sharonsaban/anaconda3/envs/sharon_env/lib/python3.10/site-packages/torch/nn/modules/module.py", line 903, in _apply
    module._apply(fn)
  [Previous line repeated 2 more times]
  File "/home/joberant/NLP_2425a/sharonsaban/anaconda3/envs/sharon_env/lib/python3.10/site-packages/torch/nn/modules/module.py", line 930, in _apply
    param_applied = fn(param)
  File "/home/joberant/NLP_2425a/sharonsaban/anaconda3/envs/sharon_env/lib/python3.10/site-packages/torch/nn/modules/module.py", line 1329, in convert
    return t.to(
torch.OutOfMemoryError: CUDA out of memory. Tried to allocate 112.00 MiB. GPU 0 has a total capacity of 10.75 GiB of which 65.56 MiB is free. Including non-PyTorch memory, this process has 10.68 GiB memory in use. Of the allocated memory 10.51 GiB is allocated by PyTorch, and 19.64 MiB is reserved by PyTorch but unallocated. If reserved but unallocated memory is large try setting PYTORCH_CUDA_ALLOC_CONF=expandable_segments:True to avoid fragmentation.  See documentation for Memory Management  (https://pytorch.org/docs/stable/notes/cuda.html#environment-variables)
slurmstepd: error: _cgroup_procs_check: failed on path (null)/cgroup.procs: No such file or directory
slurmstepd: error: Cannot write to cgroup.procs for (null)
slurmstepd: error: Unable to move pid 979659 to init root cgroup (null)
